Created by PLY version 3.11 (http://www.dabeaz.com/ply)

Grammar

Rule 0     S' -> statement
Rule 1     statement -> ID SHIFT_LEFT STRING SEMICOLON
Rule 2     statement -> FLOAT ID EQUALS expr SEMICOLON
Rule 3     statement -> STRING1 ID EQUALS expr SEMICOLON
Rule 4     statement -> BOOL ID EQUALS expr SEMICOLON
Rule 5     statement -> CHAR ID EQUALS expr SEMICOLON
Rule 6     statement -> INT ID EQUALS expr SEMICOLON
Rule 7     statement -> CHAR ID LBRACKET NUMBER RBRACKET SEMICOLON
Rule 8     statement -> FLOAT ID LBRACKET NUMBER RBRACKET SEMICOLON
Rule 9     statement -> BOOL ID LBRACKET NUMBER RBRACKET SEMICOLON
Rule 10    statement -> BOOL ID LBRACKET RBRACKET EQUALS LKEYS val_list RKEYS SEMICOLON
Rule 11    val_list -> ID
Rule 12    val_list -> val_list COMMA ID
Rule 13    statement -> STRING1 ID LBRACKET NUMBER RBRACKET SEMICOLON
Rule 14    statement -> STRING1 ID LBRACKET NUMBER RBRACKET EQUALS LKEYS string_list RKEYS SEMICOLON
Rule 15    string_list -> STRING
Rule 16    string_list -> string_list COMMA STRING
Rule 17    statement -> INT ID LBRACKET NUMBER RBRACKET SEMICOLON
Rule 18    statement -> INT ID LBRACKET RBRACKET SEMICOLON
Rule 19    statement -> INT ID LBRACKET RBRACKET EQUALS LKEYS number_list RKEYS SEMICOLON
Rule 20    number_list -> NUMBER
Rule 21    number_list -> number_list COMMA NUMBER
Rule 22    expr -> expr MINUS expr
Rule 23    expr -> expr PLUS expr
Rule 24    expr -> expr TIMES expr
Rule 25    expr -> expr DIVIDE expr
Rule 26    expr -> NUMBER
Rule 27    expr -> ID
Rule 28    statement -> IF LPAREND ID EQ NUMBER RPAREND LKEYS statement RKEYS ELSE LKEYS statement RKEYS
Rule 29    statement -> FOR LPAREND INT ID EQUALS NUMBER SEMICOLON ID COLON NUMBER SEMICOLON ID AUM RPAREND LKEYS statement RKEYS
Rule 30    statement -> INT ID LPAREND INT ID COMMA INT ID RPAREND LKEYS RETURN ID AUM ID SEMICOLON RKEYS
Rule 31    statement -> INT ID LPAREND INT ID COMMA INT ID RPAREND LKEYS RETURN ID TIMES ID SEMICOLON RKEYS
Rule 32    statement -> INT ID LPAREND INT ID COMMA INT ID RPAREND LKEYS RETURN ID MINUS ID SEMICOLON RKEYS
Rule 33    statement -> INT ID LPAREND INT ID COMMA INT ID RPAREND LKEYS RETURN ID DIVIDE ID SEMICOLON RKEYS
Rule 34    statement -> CLASS ID LKEYS PRIVATE POINTS INT ID SEMICOLON PUBLIC POINTS ID LPAREND INT ID RPAREND LKEYS ID EQUALS ID SEMICOLON RKEYS RKEYS SEMICOLON
Rule 35    statement -> CLASS ID LKEYS PRIVATE POINTS INT ID SEMICOLON INT ID SEMICOLON PUBLIC POINTS ID LPAREND INT ID COMMA INT ID RPAREND LKEYS ID EQUALS ID SEMICOLON ID EQUALS ID SEMICOLON RKEYS RKEYS SEMICOLON
Rule 36    statement -> INT MAIN LPAREND RPAREND LKEYS statement RETURN NUMBER SEMICOLON RKEYS

Terminals, with rules where they appear

AUM                  : 29 30
BOOL                 : 4 9 10
CHAR                 : 5 7
CLASS                : 34 35
COLON                : 29
COMMA                : 12 16 21 30 31 32 33 35
DIVIDE               : 25 33
ELSE                 : 28
EQ                   : 28
EQUALS               : 2 3 4 5 6 10 14 19 29 34 35 35
FLOAT                : 2 8
FOR                  : 29
ID                   : 1 2 3 4 5 6 7 8 9 10 11 12 13 14 17 18 19 27 28 29 29 29 30 30 30 30 30 31 31 31 31 31 32 32 32 32 32 33 33 33 33 33 34 34 34 34 34 34 35 35 35 35 35 35 35 35 35 35
IF                   : 28
INT                  : 6 17 18 19 29 30 30 30 31 31 31 32 32 32 33 33 33 34 34 35 35 35 35 36
LBRACKET             : 7 8 9 10 13 14 17 18 19
LKEYS                : 10 14 19 28 28 29 30 31 32 33 34 34 35 35 36
LPAREND              : 28 29 30 31 32 33 34 35 36
MAIN                 : 36
MINUS                : 22 32
NUMBER               : 7 8 9 13 14 17 20 21 26 28 29 29 36
PLUS                 : 23
POINTS               : 34 34 35 35
PRIVATE              : 34 35
PUBLIC               : 34 35
RBRACKET             : 7 8 9 10 13 14 17 18 19
RETURN               : 30 31 32 33 36
RKEYS                : 10 14 19 28 28 29 30 31 32 33 34 34 35 35 36
RPAREND              : 28 29 30 31 32 33 34 35 36
SEMICOLON            : 1 2 3 4 5 6 7 8 9 10 13 14 17 18 19 29 29 30 31 32 33 34 34 34 35 35 35 35 35 36
SHIFT_LEFT           : 1
STRING               : 1 15 16
STRING1              : 3 13 14
TIMES                : 24 31
error                : 

Nonterminals, with rules where they appear

expr                 : 2 3 4 5 6 22 22 23 23 24 24 25 25
number_list          : 19 21
statement            : 28 28 29 36 0
string_list          : 14 16
val_list             : 10 12

Parsing method: LALR

state 0

    (0) S' -> . statement
    (1) statement -> . ID SHIFT_LEFT STRING SEMICOLON
    (2) statement -> . FLOAT ID EQUALS expr SEMICOLON
    (3) statement -> . STRING1 ID EQUALS expr SEMICOLON
    (4) statement -> . BOOL ID EQUALS expr SEMICOLON
    (5) statement -> . CHAR ID EQUALS expr SEMICOLON
    (6) statement -> . INT ID EQUALS expr SEMICOLON
    (7) statement -> . CHAR ID LBRACKET NUMBER RBRACKET SEMICOLON
    (8) statement -> . FLOAT ID LBRACKET NUMBER RBRACKET SEMICOLON
    (9) statement -> . BOOL ID LBRACKET NUMBER RBRACKET SEMICOLON
    (10) statement -> . BOOL ID LBRACKET RBRACKET EQUALS LKEYS val_list RKEYS SEMICOLON
    (13) statement -> . STRING1 ID LBRACKET NUMBER RBRACKET SEMICOLON
    (14) statement -> . STRING1 ID LBRACKET NUMBER RBRACKET EQUALS LKEYS string_list RKEYS SEMICOLON
    (17) statement -> . INT ID LBRACKET NUMBER RBRACKET SEMICOLON
    (18) statement -> . INT ID LBRACKET RBRACKET SEMICOLON
    (19) statement -> . INT ID LBRACKET RBRACKET EQUALS LKEYS number_list RKEYS SEMICOLON
    (28) statement -> . IF LPAREND ID EQ NUMBER RPAREND LKEYS statement RKEYS ELSE LKEYS statement RKEYS
    (29) statement -> . FOR LPAREND INT ID EQUALS NUMBER SEMICOLON ID COLON NUMBER SEMICOLON ID AUM RPAREND LKEYS statement RKEYS
    (30) statement -> . INT ID LPAREND INT ID COMMA INT ID RPAREND LKEYS RETURN ID AUM ID SEMICOLON RKEYS
    (31) statement -> . INT ID LPAREND INT ID COMMA INT ID RPAREND LKEYS RETURN ID TIMES ID SEMICOLON RKEYS
    (32) statement -> . INT ID LPAREND INT ID COMMA INT ID RPAREND LKEYS RETURN ID MINUS ID SEMICOLON RKEYS
    (33) statement -> . INT ID LPAREND INT ID COMMA INT ID RPAREND LKEYS RETURN ID DIVIDE ID SEMICOLON RKEYS
    (34) statement -> . CLASS ID LKEYS PRIVATE POINTS INT ID SEMICOLON PUBLIC POINTS ID LPAREND INT ID RPAREND LKEYS ID EQUALS ID SEMICOLON RKEYS RKEYS SEMICOLON
    (35) statement -> . CLASS ID LKEYS PRIVATE POINTS INT ID SEMICOLON INT ID SEMICOLON PUBLIC POINTS ID LPAREND INT ID COMMA INT ID RPAREND LKEYS ID EQUALS ID SEMICOLON ID EQUALS ID SEMICOLON RKEYS RKEYS SEMICOLON
    (36) statement -> . INT MAIN LPAREND RPAREND LKEYS statement RETURN NUMBER SEMICOLON RKEYS

    ID              shift and go to state 2
    FLOAT           shift and go to state 3
    STRING1         shift and go to state 4
    BOOL            shift and go to state 5
    CHAR            shift and go to state 6
    INT             shift and go to state 7
    IF              shift and go to state 8
    FOR             shift and go to state 9
    CLASS           shift and go to state 10

    statement                      shift and go to state 1

state 1

    (0) S' -> statement .



state 2

    (1) statement -> ID . SHIFT_LEFT STRING SEMICOLON

    SHIFT_LEFT      shift and go to state 11


state 3

    (2) statement -> FLOAT . ID EQUALS expr SEMICOLON
    (8) statement -> FLOAT . ID LBRACKET NUMBER RBRACKET SEMICOLON

    ID              shift and go to state 12


state 4

    (3) statement -> STRING1 . ID EQUALS expr SEMICOLON
    (13) statement -> STRING1 . ID LBRACKET NUMBER RBRACKET SEMICOLON
    (14) statement -> STRING1 . ID LBRACKET NUMBER RBRACKET EQUALS LKEYS string_list RKEYS SEMICOLON

    ID              shift and go to state 13


state 5

    (4) statement -> BOOL . ID EQUALS expr SEMICOLON
    (9) statement -> BOOL . ID LBRACKET NUMBER RBRACKET SEMICOLON
    (10) statement -> BOOL . ID LBRACKET RBRACKET EQUALS LKEYS val_list RKEYS SEMICOLON

    ID              shift and go to state 14


state 6

    (5) statement -> CHAR . ID EQUALS expr SEMICOLON
    (7) statement -> CHAR . ID LBRACKET NUMBER RBRACKET SEMICOLON

    ID              shift and go to state 15


state 7

    (6) statement -> INT . ID EQUALS expr SEMICOLON
    (17) statement -> INT . ID LBRACKET NUMBER RBRACKET SEMICOLON
    (18) statement -> INT . ID LBRACKET RBRACKET SEMICOLON
    (19) statement -> INT . ID LBRACKET RBRACKET EQUALS LKEYS number_list RKEYS SEMICOLON
    (30) statement -> INT . ID LPAREND INT ID COMMA INT ID RPAREND LKEYS RETURN ID AUM ID SEMICOLON RKEYS
    (31) statement -> INT . ID LPAREND INT ID COMMA INT ID RPAREND LKEYS RETURN ID TIMES ID SEMICOLON RKEYS
    (32) statement -> INT . ID LPAREND INT ID COMMA INT ID RPAREND LKEYS RETURN ID MINUS ID SEMICOLON RKEYS
    (33) statement -> INT . ID LPAREND INT ID COMMA INT ID RPAREND LKEYS RETURN ID DIVIDE ID SEMICOLON RKEYS
    (36) statement -> INT . MAIN LPAREND RPAREND LKEYS statement RETURN NUMBER SEMICOLON RKEYS

    ID              shift and go to state 16
    MAIN            shift and go to state 17


state 8

    (28) statement -> IF . LPAREND ID EQ NUMBER RPAREND LKEYS statement RKEYS ELSE LKEYS statement RKEYS

    LPAREND         shift and go to state 18


state 9

    (29) statement -> FOR . LPAREND INT ID EQUALS NUMBER SEMICOLON ID COLON NUMBER SEMICOLON ID AUM RPAREND LKEYS statement RKEYS

    LPAREND         shift and go to state 19


state 10

    (34) statement -> CLASS . ID LKEYS PRIVATE POINTS INT ID SEMICOLON PUBLIC POINTS ID LPAREND INT ID RPAREND LKEYS ID EQUALS ID SEMICOLON RKEYS RKEYS SEMICOLON
    (35) statement -> CLASS . ID LKEYS PRIVATE POINTS INT ID SEMICOLON INT ID SEMICOLON PUBLIC POINTS ID LPAREND INT ID COMMA INT ID RPAREND LKEYS ID EQUALS ID SEMICOLON ID EQUALS ID SEMICOLON RKEYS RKEYS SEMICOLON

    ID              shift and go to state 20


state 11

    (1) statement -> ID SHIFT_LEFT . STRING SEMICOLON

    STRING          shift and go to state 21


state 12

    (2) statement -> FLOAT ID . EQUALS expr SEMICOLON
    (8) statement -> FLOAT ID . LBRACKET NUMBER RBRACKET SEMICOLON

    EQUALS          shift and go to state 22
    LBRACKET        shift and go to state 23


state 13

    (3) statement -> STRING1 ID . EQUALS expr SEMICOLON
    (13) statement -> STRING1 ID . LBRACKET NUMBER RBRACKET SEMICOLON
    (14) statement -> STRING1 ID . LBRACKET NUMBER RBRACKET EQUALS LKEYS string_list RKEYS SEMICOLON

    EQUALS          shift and go to state 24
    LBRACKET        shift and go to state 25


state 14

    (4) statement -> BOOL ID . EQUALS expr SEMICOLON
    (9) statement -> BOOL ID . LBRACKET NUMBER RBRACKET SEMICOLON
    (10) statement -> BOOL ID . LBRACKET RBRACKET EQUALS LKEYS val_list RKEYS SEMICOLON

    EQUALS          shift and go to state 26
    LBRACKET        shift and go to state 27


state 15

    (5) statement -> CHAR ID . EQUALS expr SEMICOLON
    (7) statement -> CHAR ID . LBRACKET NUMBER RBRACKET SEMICOLON

    EQUALS          shift and go to state 28
    LBRACKET        shift and go to state 29


state 16

    (6) statement -> INT ID . EQUALS expr SEMICOLON
    (17) statement -> INT ID . LBRACKET NUMBER RBRACKET SEMICOLON
    (18) statement -> INT ID . LBRACKET RBRACKET SEMICOLON
    (19) statement -> INT ID . LBRACKET RBRACKET EQUALS LKEYS number_list RKEYS SEMICOLON
    (30) statement -> INT ID . LPAREND INT ID COMMA INT ID RPAREND LKEYS RETURN ID AUM ID SEMICOLON RKEYS
    (31) statement -> INT ID . LPAREND INT ID COMMA INT ID RPAREND LKEYS RETURN ID TIMES ID SEMICOLON RKEYS
    (32) statement -> INT ID . LPAREND INT ID COMMA INT ID RPAREND LKEYS RETURN ID MINUS ID SEMICOLON RKEYS
    (33) statement -> INT ID . LPAREND INT ID COMMA INT ID RPAREND LKEYS RETURN ID DIVIDE ID SEMICOLON RKEYS

    EQUALS          shift and go to state 30
    LBRACKET        shift and go to state 31
    LPAREND         shift and go to state 32


state 17

    (36) statement -> INT MAIN . LPAREND RPAREND LKEYS statement RETURN NUMBER SEMICOLON RKEYS

    LPAREND         shift and go to state 33


state 18

    (28) statement -> IF LPAREND . ID EQ NUMBER RPAREND LKEYS statement RKEYS ELSE LKEYS statement RKEYS

    ID              shift and go to state 34


state 19

    (29) statement -> FOR LPAREND . INT ID EQUALS NUMBER SEMICOLON ID COLON NUMBER SEMICOLON ID AUM RPAREND LKEYS statement RKEYS

    INT             shift and go to state 35


state 20

    (34) statement -> CLASS ID . LKEYS PRIVATE POINTS INT ID SEMICOLON PUBLIC POINTS ID LPAREND INT ID RPAREND LKEYS ID EQUALS ID SEMICOLON RKEYS RKEYS SEMICOLON
    (35) statement -> CLASS ID . LKEYS PRIVATE POINTS INT ID SEMICOLON INT ID SEMICOLON PUBLIC POINTS ID LPAREND INT ID COMMA INT ID RPAREND LKEYS ID EQUALS ID SEMICOLON ID EQUALS ID SEMICOLON RKEYS RKEYS SEMICOLON

    LKEYS           shift and go to state 36


state 21

    (1) statement -> ID SHIFT_LEFT STRING . SEMICOLON

    SEMICOLON       shift and go to state 37


state 22

    (2) statement -> FLOAT ID EQUALS . expr SEMICOLON
    (22) expr -> . expr MINUS expr
    (23) expr -> . expr PLUS expr
    (24) expr -> . expr TIMES expr
    (25) expr -> . expr DIVIDE expr
    (26) expr -> . NUMBER
    (27) expr -> . ID

    NUMBER          shift and go to state 40
    ID              shift and go to state 38

    expr                           shift and go to state 39

state 23

    (8) statement -> FLOAT ID LBRACKET . NUMBER RBRACKET SEMICOLON

    NUMBER          shift and go to state 41


state 24

    (3) statement -> STRING1 ID EQUALS . expr SEMICOLON
    (22) expr -> . expr MINUS expr
    (23) expr -> . expr PLUS expr
    (24) expr -> . expr TIMES expr
    (25) expr -> . expr DIVIDE expr
    (26) expr -> . NUMBER
    (27) expr -> . ID

    NUMBER          shift and go to state 40
    ID              shift and go to state 38

    expr                           shift and go to state 42

state 25

    (13) statement -> STRING1 ID LBRACKET . NUMBER RBRACKET SEMICOLON
    (14) statement -> STRING1 ID LBRACKET . NUMBER RBRACKET EQUALS LKEYS string_list RKEYS SEMICOLON

    NUMBER          shift and go to state 43


state 26

    (4) statement -> BOOL ID EQUALS . expr SEMICOLON
    (22) expr -> . expr MINUS expr
    (23) expr -> . expr PLUS expr
    (24) expr -> . expr TIMES expr
    (25) expr -> . expr DIVIDE expr
    (26) expr -> . NUMBER
    (27) expr -> . ID

    NUMBER          shift and go to state 40
    ID              shift and go to state 38

    expr                           shift and go to state 44

state 27

    (9) statement -> BOOL ID LBRACKET . NUMBER RBRACKET SEMICOLON
    (10) statement -> BOOL ID LBRACKET . RBRACKET EQUALS LKEYS val_list RKEYS SEMICOLON

    NUMBER          shift and go to state 45
    RBRACKET        shift and go to state 46


state 28

    (5) statement -> CHAR ID EQUALS . expr SEMICOLON
    (22) expr -> . expr MINUS expr
    (23) expr -> . expr PLUS expr
    (24) expr -> . expr TIMES expr
    (25) expr -> . expr DIVIDE expr
    (26) expr -> . NUMBER
    (27) expr -> . ID

    NUMBER          shift and go to state 40
    ID              shift and go to state 38

    expr                           shift and go to state 47

state 29

    (7) statement -> CHAR ID LBRACKET . NUMBER RBRACKET SEMICOLON

    NUMBER          shift and go to state 48


state 30

    (6) statement -> INT ID EQUALS . expr SEMICOLON
    (22) expr -> . expr MINUS expr
    (23) expr -> . expr PLUS expr
    (24) expr -> . expr TIMES expr
    (25) expr -> . expr DIVIDE expr
    (26) expr -> . NUMBER
    (27) expr -> . ID

    NUMBER          shift and go to state 40
    ID              shift and go to state 38

    expr                           shift and go to state 49

state 31

    (17) statement -> INT ID LBRACKET . NUMBER RBRACKET SEMICOLON
    (18) statement -> INT ID LBRACKET . RBRACKET SEMICOLON
    (19) statement -> INT ID LBRACKET . RBRACKET EQUALS LKEYS number_list RKEYS SEMICOLON

    NUMBER          shift and go to state 50
    RBRACKET        shift and go to state 51


state 32

    (30) statement -> INT ID LPAREND . INT ID COMMA INT ID RPAREND LKEYS RETURN ID AUM ID SEMICOLON RKEYS
    (31) statement -> INT ID LPAREND . INT ID COMMA INT ID RPAREND LKEYS RETURN ID TIMES ID SEMICOLON RKEYS
    (32) statement -> INT ID LPAREND . INT ID COMMA INT ID RPAREND LKEYS RETURN ID MINUS ID SEMICOLON RKEYS
    (33) statement -> INT ID LPAREND . INT ID COMMA INT ID RPAREND LKEYS RETURN ID DIVIDE ID SEMICOLON RKEYS

    INT             shift and go to state 52


state 33

    (36) statement -> INT MAIN LPAREND . RPAREND LKEYS statement RETURN NUMBER SEMICOLON RKEYS

    RPAREND         shift and go to state 53


state 34

    (28) statement -> IF LPAREND ID . EQ NUMBER RPAREND LKEYS statement RKEYS ELSE LKEYS statement RKEYS

    EQ              shift and go to state 54


state 35

    (29) statement -> FOR LPAREND INT . ID EQUALS NUMBER SEMICOLON ID COLON NUMBER SEMICOLON ID AUM RPAREND LKEYS statement RKEYS

    ID              shift and go to state 55


state 36

    (34) statement -> CLASS ID LKEYS . PRIVATE POINTS INT ID SEMICOLON PUBLIC POINTS ID LPAREND INT ID RPAREND LKEYS ID EQUALS ID SEMICOLON RKEYS RKEYS SEMICOLON
    (35) statement -> CLASS ID LKEYS . PRIVATE POINTS INT ID SEMICOLON INT ID SEMICOLON PUBLIC POINTS ID LPAREND INT ID COMMA INT ID RPAREND LKEYS ID EQUALS ID SEMICOLON ID EQUALS ID SEMICOLON RKEYS RKEYS SEMICOLON

    PRIVATE         shift and go to state 56


state 37

    (1) statement -> ID SHIFT_LEFT STRING SEMICOLON .

    $end            reduce using rule 1 (statement -> ID SHIFT_LEFT STRING SEMICOLON .)
    RETURN          reduce using rule 1 (statement -> ID SHIFT_LEFT STRING SEMICOLON .)
    RKEYS           reduce using rule 1 (statement -> ID SHIFT_LEFT STRING SEMICOLON .)


state 38

    (27) expr -> ID .

    SEMICOLON       reduce using rule 27 (expr -> ID .)
    MINUS           reduce using rule 27 (expr -> ID .)
    PLUS            reduce using rule 27 (expr -> ID .)
    TIMES           reduce using rule 27 (expr -> ID .)
    DIVIDE          reduce using rule 27 (expr -> ID .)


state 39

    (2) statement -> FLOAT ID EQUALS expr . SEMICOLON
    (22) expr -> expr . MINUS expr
    (23) expr -> expr . PLUS expr
    (24) expr -> expr . TIMES expr
    (25) expr -> expr . DIVIDE expr

    SEMICOLON       shift and go to state 57
    MINUS           shift and go to state 58
    PLUS            shift and go to state 59
    TIMES           shift and go to state 60
    DIVIDE          shift and go to state 61


state 40

    (26) expr -> NUMBER .

    SEMICOLON       reduce using rule 26 (expr -> NUMBER .)
    MINUS           reduce using rule 26 (expr -> NUMBER .)
    PLUS            reduce using rule 26 (expr -> NUMBER .)
    TIMES           reduce using rule 26 (expr -> NUMBER .)
    DIVIDE          reduce using rule 26 (expr -> NUMBER .)


state 41

    (8) statement -> FLOAT ID LBRACKET NUMBER . RBRACKET SEMICOLON

    RBRACKET        shift and go to state 62


state 42

    (3) statement -> STRING1 ID EQUALS expr . SEMICOLON
    (22) expr -> expr . MINUS expr
    (23) expr -> expr . PLUS expr
    (24) expr -> expr . TIMES expr
    (25) expr -> expr . DIVIDE expr

    SEMICOLON       shift and go to state 63
    MINUS           shift and go to state 58
    PLUS            shift and go to state 59
    TIMES           shift and go to state 60
    DIVIDE          shift and go to state 61


state 43

    (13) statement -> STRING1 ID LBRACKET NUMBER . RBRACKET SEMICOLON
    (14) statement -> STRING1 ID LBRACKET NUMBER . RBRACKET EQUALS LKEYS string_list RKEYS SEMICOLON

    RBRACKET        shift and go to state 64


state 44

    (4) statement -> BOOL ID EQUALS expr . SEMICOLON
    (22) expr -> expr . MINUS expr
    (23) expr -> expr . PLUS expr
    (24) expr -> expr . TIMES expr
    (25) expr -> expr . DIVIDE expr

    SEMICOLON       shift and go to state 65
    MINUS           shift and go to state 58
    PLUS            shift and go to state 59
    TIMES           shift and go to state 60
    DIVIDE          shift and go to state 61


state 45

    (9) statement -> BOOL ID LBRACKET NUMBER . RBRACKET SEMICOLON

    RBRACKET        shift and go to state 66


state 46

    (10) statement -> BOOL ID LBRACKET RBRACKET . EQUALS LKEYS val_list RKEYS SEMICOLON

    EQUALS          shift and go to state 67


state 47

    (5) statement -> CHAR ID EQUALS expr . SEMICOLON
    (22) expr -> expr . MINUS expr
    (23) expr -> expr . PLUS expr
    (24) expr -> expr . TIMES expr
    (25) expr -> expr . DIVIDE expr

    SEMICOLON       shift and go to state 68
    MINUS           shift and go to state 58
    PLUS            shift and go to state 59
    TIMES           shift and go to state 60
    DIVIDE          shift and go to state 61


state 48

    (7) statement -> CHAR ID LBRACKET NUMBER . RBRACKET SEMICOLON

    RBRACKET        shift and go to state 69


state 49

    (6) statement -> INT ID EQUALS expr . SEMICOLON
    (22) expr -> expr . MINUS expr
    (23) expr -> expr . PLUS expr
    (24) expr -> expr . TIMES expr
    (25) expr -> expr . DIVIDE expr

    SEMICOLON       shift and go to state 70
    MINUS           shift and go to state 58
    PLUS            shift and go to state 59
    TIMES           shift and go to state 60
    DIVIDE          shift and go to state 61


state 50

    (17) statement -> INT ID LBRACKET NUMBER . RBRACKET SEMICOLON

    RBRACKET        shift and go to state 71


state 51

    (18) statement -> INT ID LBRACKET RBRACKET . SEMICOLON
    (19) statement -> INT ID LBRACKET RBRACKET . EQUALS LKEYS number_list RKEYS SEMICOLON

    SEMICOLON       shift and go to state 72
    EQUALS          shift and go to state 73


state 52

    (30) statement -> INT ID LPAREND INT . ID COMMA INT ID RPAREND LKEYS RETURN ID AUM ID SEMICOLON RKEYS
    (31) statement -> INT ID LPAREND INT . ID COMMA INT ID RPAREND LKEYS RETURN ID TIMES ID SEMICOLON RKEYS
    (32) statement -> INT ID LPAREND INT . ID COMMA INT ID RPAREND LKEYS RETURN ID MINUS ID SEMICOLON RKEYS
    (33) statement -> INT ID LPAREND INT . ID COMMA INT ID RPAREND LKEYS RETURN ID DIVIDE ID SEMICOLON RKEYS

    ID              shift and go to state 74


state 53

    (36) statement -> INT MAIN LPAREND RPAREND . LKEYS statement RETURN NUMBER SEMICOLON RKEYS

    LKEYS           shift and go to state 75


state 54

    (28) statement -> IF LPAREND ID EQ . NUMBER RPAREND LKEYS statement RKEYS ELSE LKEYS statement RKEYS

    NUMBER          shift and go to state 76


state 55

    (29) statement -> FOR LPAREND INT ID . EQUALS NUMBER SEMICOLON ID COLON NUMBER SEMICOLON ID AUM RPAREND LKEYS statement RKEYS

    EQUALS          shift and go to state 77


state 56

    (34) statement -> CLASS ID LKEYS PRIVATE . POINTS INT ID SEMICOLON PUBLIC POINTS ID LPAREND INT ID RPAREND LKEYS ID EQUALS ID SEMICOLON RKEYS RKEYS SEMICOLON
    (35) statement -> CLASS ID LKEYS PRIVATE . POINTS INT ID SEMICOLON INT ID SEMICOLON PUBLIC POINTS ID LPAREND INT ID COMMA INT ID RPAREND LKEYS ID EQUALS ID SEMICOLON ID EQUALS ID SEMICOLON RKEYS RKEYS SEMICOLON

    POINTS          shift and go to state 78


state 57

    (2) statement -> FLOAT ID EQUALS expr SEMICOLON .

    $end            reduce using rule 2 (statement -> FLOAT ID EQUALS expr SEMICOLON .)
    RETURN          reduce using rule 2 (statement -> FLOAT ID EQUALS expr SEMICOLON .)
    RKEYS           reduce using rule 2 (statement -> FLOAT ID EQUALS expr SEMICOLON .)


state 58

    (22) expr -> expr MINUS . expr
    (22) expr -> . expr MINUS expr
    (23) expr -> . expr PLUS expr
    (24) expr -> . expr TIMES expr
    (25) expr -> . expr DIVIDE expr
    (26) expr -> . NUMBER
    (27) expr -> . ID

    NUMBER          shift and go to state 40
    ID              shift and go to state 38

    expr                           shift and go to state 79

state 59

    (23) expr -> expr PLUS . expr
    (22) expr -> . expr MINUS expr
    (23) expr -> . expr PLUS expr
    (24) expr -> . expr TIMES expr
    (25) expr -> . expr DIVIDE expr
    (26) expr -> . NUMBER
    (27) expr -> . ID

    NUMBER          shift and go to state 40
    ID              shift and go to state 38

    expr                           shift and go to state 80

state 60

    (24) expr -> expr TIMES . expr
    (22) expr -> . expr MINUS expr
    (23) expr -> . expr PLUS expr
    (24) expr -> . expr TIMES expr
    (25) expr -> . expr DIVIDE expr
    (26) expr -> . NUMBER
    (27) expr -> . ID

    NUMBER          shift and go to state 40
    ID              shift and go to state 38

    expr                           shift and go to state 81

state 61

    (25) expr -> expr DIVIDE . expr
    (22) expr -> . expr MINUS expr
    (23) expr -> . expr PLUS expr
    (24) expr -> . expr TIMES expr
    (25) expr -> . expr DIVIDE expr
    (26) expr -> . NUMBER
    (27) expr -> . ID

    NUMBER          shift and go to state 40
    ID              shift and go to state 38

    expr                           shift and go to state 82

state 62

    (8) statement -> FLOAT ID LBRACKET NUMBER RBRACKET . SEMICOLON

    SEMICOLON       shift and go to state 83


state 63

    (3) statement -> STRING1 ID EQUALS expr SEMICOLON .

    $end            reduce using rule 3 (statement -> STRING1 ID EQUALS expr SEMICOLON .)
    RETURN          reduce using rule 3 (statement -> STRING1 ID EQUALS expr SEMICOLON .)
    RKEYS           reduce using rule 3 (statement -> STRING1 ID EQUALS expr SEMICOLON .)


state 64

    (13) statement -> STRING1 ID LBRACKET NUMBER RBRACKET . SEMICOLON
    (14) statement -> STRING1 ID LBRACKET NUMBER RBRACKET . EQUALS LKEYS string_list RKEYS SEMICOLON

    SEMICOLON       shift and go to state 84
    EQUALS          shift and go to state 85


state 65

    (4) statement -> BOOL ID EQUALS expr SEMICOLON .

    $end            reduce using rule 4 (statement -> BOOL ID EQUALS expr SEMICOLON .)
    RETURN          reduce using rule 4 (statement -> BOOL ID EQUALS expr SEMICOLON .)
    RKEYS           reduce using rule 4 (statement -> BOOL ID EQUALS expr SEMICOLON .)


state 66

    (9) statement -> BOOL ID LBRACKET NUMBER RBRACKET . SEMICOLON

    SEMICOLON       shift and go to state 86


state 67

    (10) statement -> BOOL ID LBRACKET RBRACKET EQUALS . LKEYS val_list RKEYS SEMICOLON

    LKEYS           shift and go to state 87


state 68

    (5) statement -> CHAR ID EQUALS expr SEMICOLON .

    $end            reduce using rule 5 (statement -> CHAR ID EQUALS expr SEMICOLON .)
    RETURN          reduce using rule 5 (statement -> CHAR ID EQUALS expr SEMICOLON .)
    RKEYS           reduce using rule 5 (statement -> CHAR ID EQUALS expr SEMICOLON .)


state 69

    (7) statement -> CHAR ID LBRACKET NUMBER RBRACKET . SEMICOLON

    SEMICOLON       shift and go to state 88


state 70

    (6) statement -> INT ID EQUALS expr SEMICOLON .

    $end            reduce using rule 6 (statement -> INT ID EQUALS expr SEMICOLON .)
    RETURN          reduce using rule 6 (statement -> INT ID EQUALS expr SEMICOLON .)
    RKEYS           reduce using rule 6 (statement -> INT ID EQUALS expr SEMICOLON .)


state 71

    (17) statement -> INT ID LBRACKET NUMBER RBRACKET . SEMICOLON

    SEMICOLON       shift and go to state 89


state 72

    (18) statement -> INT ID LBRACKET RBRACKET SEMICOLON .

    $end            reduce using rule 18 (statement -> INT ID LBRACKET RBRACKET SEMICOLON .)
    RETURN          reduce using rule 18 (statement -> INT ID LBRACKET RBRACKET SEMICOLON .)
    RKEYS           reduce using rule 18 (statement -> INT ID LBRACKET RBRACKET SEMICOLON .)


state 73

    (19) statement -> INT ID LBRACKET RBRACKET EQUALS . LKEYS number_list RKEYS SEMICOLON

    LKEYS           shift and go to state 90


state 74

    (30) statement -> INT ID LPAREND INT ID . COMMA INT ID RPAREND LKEYS RETURN ID AUM ID SEMICOLON RKEYS
    (31) statement -> INT ID LPAREND INT ID . COMMA INT ID RPAREND LKEYS RETURN ID TIMES ID SEMICOLON RKEYS
    (32) statement -> INT ID LPAREND INT ID . COMMA INT ID RPAREND LKEYS RETURN ID MINUS ID SEMICOLON RKEYS
    (33) statement -> INT ID LPAREND INT ID . COMMA INT ID RPAREND LKEYS RETURN ID DIVIDE ID SEMICOLON RKEYS

    COMMA           shift and go to state 91


state 75

    (36) statement -> INT MAIN LPAREND RPAREND LKEYS . statement RETURN NUMBER SEMICOLON RKEYS
    (1) statement -> . ID SHIFT_LEFT STRING SEMICOLON
    (2) statement -> . FLOAT ID EQUALS expr SEMICOLON
    (3) statement -> . STRING1 ID EQUALS expr SEMICOLON
    (4) statement -> . BOOL ID EQUALS expr SEMICOLON
    (5) statement -> . CHAR ID EQUALS expr SEMICOLON
    (6) statement -> . INT ID EQUALS expr SEMICOLON
    (7) statement -> . CHAR ID LBRACKET NUMBER RBRACKET SEMICOLON
    (8) statement -> . FLOAT ID LBRACKET NUMBER RBRACKET SEMICOLON
    (9) statement -> . BOOL ID LBRACKET NUMBER RBRACKET SEMICOLON
    (10) statement -> . BOOL ID LBRACKET RBRACKET EQUALS LKEYS val_list RKEYS SEMICOLON
    (13) statement -> . STRING1 ID LBRACKET NUMBER RBRACKET SEMICOLON
    (14) statement -> . STRING1 ID LBRACKET NUMBER RBRACKET EQUALS LKEYS string_list RKEYS SEMICOLON
    (17) statement -> . INT ID LBRACKET NUMBER RBRACKET SEMICOLON
    (18) statement -> . INT ID LBRACKET RBRACKET SEMICOLON
    (19) statement -> . INT ID LBRACKET RBRACKET EQUALS LKEYS number_list RKEYS SEMICOLON
    (28) statement -> . IF LPAREND ID EQ NUMBER RPAREND LKEYS statement RKEYS ELSE LKEYS statement RKEYS
    (29) statement -> . FOR LPAREND INT ID EQUALS NUMBER SEMICOLON ID COLON NUMBER SEMICOLON ID AUM RPAREND LKEYS statement RKEYS
    (30) statement -> . INT ID LPAREND INT ID COMMA INT ID RPAREND LKEYS RETURN ID AUM ID SEMICOLON RKEYS
    (31) statement -> . INT ID LPAREND INT ID COMMA INT ID RPAREND LKEYS RETURN ID TIMES ID SEMICOLON RKEYS
    (32) statement -> . INT ID LPAREND INT ID COMMA INT ID RPAREND LKEYS RETURN ID MINUS ID SEMICOLON RKEYS
    (33) statement -> . INT ID LPAREND INT ID COMMA INT ID RPAREND LKEYS RETURN ID DIVIDE ID SEMICOLON RKEYS
    (34) statement -> . CLASS ID LKEYS PRIVATE POINTS INT ID SEMICOLON PUBLIC POINTS ID LPAREND INT ID RPAREND LKEYS ID EQUALS ID SEMICOLON RKEYS RKEYS SEMICOLON
    (35) statement -> . CLASS ID LKEYS PRIVATE POINTS INT ID SEMICOLON INT ID SEMICOLON PUBLIC POINTS ID LPAREND INT ID COMMA INT ID RPAREND LKEYS ID EQUALS ID SEMICOLON ID EQUALS ID SEMICOLON RKEYS RKEYS SEMICOLON
    (36) statement -> . INT MAIN LPAREND RPAREND LKEYS statement RETURN NUMBER SEMICOLON RKEYS

    ID              shift and go to state 2
    FLOAT           shift and go to state 3
    STRING1         shift and go to state 4
    BOOL            shift and go to state 5
    CHAR            shift and go to state 6
    INT             shift and go to state 7
    IF              shift and go to state 8
    FOR             shift and go to state 9
    CLASS           shift and go to state 10

    statement                      shift and go to state 92

state 76

    (28) statement -> IF LPAREND ID EQ NUMBER . RPAREND LKEYS statement RKEYS ELSE LKEYS statement RKEYS

    RPAREND         shift and go to state 93


state 77

    (29) statement -> FOR LPAREND INT ID EQUALS . NUMBER SEMICOLON ID COLON NUMBER SEMICOLON ID AUM RPAREND LKEYS statement RKEYS

    NUMBER          shift and go to state 94


state 78

    (34) statement -> CLASS ID LKEYS PRIVATE POINTS . INT ID SEMICOLON PUBLIC POINTS ID LPAREND INT ID RPAREND LKEYS ID EQUALS ID SEMICOLON RKEYS RKEYS SEMICOLON
    (35) statement -> CLASS ID LKEYS PRIVATE POINTS . INT ID SEMICOLON INT ID SEMICOLON PUBLIC POINTS ID LPAREND INT ID COMMA INT ID RPAREND LKEYS ID EQUALS ID SEMICOLON ID EQUALS ID SEMICOLON RKEYS RKEYS SEMICOLON

    INT             shift and go to state 95


state 79

    (22) expr -> expr MINUS expr .
    (22) expr -> expr . MINUS expr
    (23) expr -> expr . PLUS expr
    (24) expr -> expr . TIMES expr
    (25) expr -> expr . DIVIDE expr

  ! shift/reduce conflict for MINUS resolved as shift
  ! shift/reduce conflict for PLUS resolved as shift
  ! shift/reduce conflict for TIMES resolved as shift
  ! shift/reduce conflict for DIVIDE resolved as shift
    SEMICOLON       reduce using rule 22 (expr -> expr MINUS expr .)
    MINUS           shift and go to state 58
    PLUS            shift and go to state 59
    TIMES           shift and go to state 60
    DIVIDE          shift and go to state 61

  ! MINUS           [ reduce using rule 22 (expr -> expr MINUS expr .) ]
  ! PLUS            [ reduce using rule 22 (expr -> expr MINUS expr .) ]
  ! TIMES           [ reduce using rule 22 (expr -> expr MINUS expr .) ]
  ! DIVIDE          [ reduce using rule 22 (expr -> expr MINUS expr .) ]


state 80

    (23) expr -> expr PLUS expr .
    (22) expr -> expr . MINUS expr
    (23) expr -> expr . PLUS expr
    (24) expr -> expr . TIMES expr
    (25) expr -> expr . DIVIDE expr

  ! shift/reduce conflict for MINUS resolved as shift
  ! shift/reduce conflict for PLUS resolved as shift
  ! shift/reduce conflict for TIMES resolved as shift
  ! shift/reduce conflict for DIVIDE resolved as shift
    SEMICOLON       reduce using rule 23 (expr -> expr PLUS expr .)
    MINUS           shift and go to state 58
    PLUS            shift and go to state 59
    TIMES           shift and go to state 60
    DIVIDE          shift and go to state 61

  ! MINUS           [ reduce using rule 23 (expr -> expr PLUS expr .) ]
  ! PLUS            [ reduce using rule 23 (expr -> expr PLUS expr .) ]
  ! TIMES           [ reduce using rule 23 (expr -> expr PLUS expr .) ]
  ! DIVIDE          [ reduce using rule 23 (expr -> expr PLUS expr .) ]


state 81

    (24) expr -> expr TIMES expr .
    (22) expr -> expr . MINUS expr
    (23) expr -> expr . PLUS expr
    (24) expr -> expr . TIMES expr
    (25) expr -> expr . DIVIDE expr

  ! shift/reduce conflict for MINUS resolved as shift
  ! shift/reduce conflict for PLUS resolved as shift
  ! shift/reduce conflict for TIMES resolved as shift
  ! shift/reduce conflict for DIVIDE resolved as shift
    SEMICOLON       reduce using rule 24 (expr -> expr TIMES expr .)
    MINUS           shift and go to state 58
    PLUS            shift and go to state 59
    TIMES           shift and go to state 60
    DIVIDE          shift and go to state 61

  ! MINUS           [ reduce using rule 24 (expr -> expr TIMES expr .) ]
  ! PLUS            [ reduce using rule 24 (expr -> expr TIMES expr .) ]
  ! TIMES           [ reduce using rule 24 (expr -> expr TIMES expr .) ]
  ! DIVIDE          [ reduce using rule 24 (expr -> expr TIMES expr .) ]


state 82

    (25) expr -> expr DIVIDE expr .
    (22) expr -> expr . MINUS expr
    (23) expr -> expr . PLUS expr
    (24) expr -> expr . TIMES expr
    (25) expr -> expr . DIVIDE expr

  ! shift/reduce conflict for MINUS resolved as shift
  ! shift/reduce conflict for PLUS resolved as shift
  ! shift/reduce conflict for TIMES resolved as shift
  ! shift/reduce conflict for DIVIDE resolved as shift
    SEMICOLON       reduce using rule 25 (expr -> expr DIVIDE expr .)
    MINUS           shift and go to state 58
    PLUS            shift and go to state 59
    TIMES           shift and go to state 60
    DIVIDE          shift and go to state 61

  ! MINUS           [ reduce using rule 25 (expr -> expr DIVIDE expr .) ]
  ! PLUS            [ reduce using rule 25 (expr -> expr DIVIDE expr .) ]
  ! TIMES           [ reduce using rule 25 (expr -> expr DIVIDE expr .) ]
  ! DIVIDE          [ reduce using rule 25 (expr -> expr DIVIDE expr .) ]


state 83

    (8) statement -> FLOAT ID LBRACKET NUMBER RBRACKET SEMICOLON .

    $end            reduce using rule 8 (statement -> FLOAT ID LBRACKET NUMBER RBRACKET SEMICOLON .)
    RETURN          reduce using rule 8 (statement -> FLOAT ID LBRACKET NUMBER RBRACKET SEMICOLON .)
    RKEYS           reduce using rule 8 (statement -> FLOAT ID LBRACKET NUMBER RBRACKET SEMICOLON .)


state 84

    (13) statement -> STRING1 ID LBRACKET NUMBER RBRACKET SEMICOLON .

    $end            reduce using rule 13 (statement -> STRING1 ID LBRACKET NUMBER RBRACKET SEMICOLON .)
    RETURN          reduce using rule 13 (statement -> STRING1 ID LBRACKET NUMBER RBRACKET SEMICOLON .)
    RKEYS           reduce using rule 13 (statement -> STRING1 ID LBRACKET NUMBER RBRACKET SEMICOLON .)


state 85

    (14) statement -> STRING1 ID LBRACKET NUMBER RBRACKET EQUALS . LKEYS string_list RKEYS SEMICOLON

    LKEYS           shift and go to state 96


state 86

    (9) statement -> BOOL ID LBRACKET NUMBER RBRACKET SEMICOLON .

    $end            reduce using rule 9 (statement -> BOOL ID LBRACKET NUMBER RBRACKET SEMICOLON .)
    RETURN          reduce using rule 9 (statement -> BOOL ID LBRACKET NUMBER RBRACKET SEMICOLON .)
    RKEYS           reduce using rule 9 (statement -> BOOL ID LBRACKET NUMBER RBRACKET SEMICOLON .)


state 87

    (10) statement -> BOOL ID LBRACKET RBRACKET EQUALS LKEYS . val_list RKEYS SEMICOLON
    (11) val_list -> . ID
    (12) val_list -> . val_list COMMA ID

    ID              shift and go to state 97

    val_list                       shift and go to state 98

state 88

    (7) statement -> CHAR ID LBRACKET NUMBER RBRACKET SEMICOLON .

    $end            reduce using rule 7 (statement -> CHAR ID LBRACKET NUMBER RBRACKET SEMICOLON .)
    RETURN          reduce using rule 7 (statement -> CHAR ID LBRACKET NUMBER RBRACKET SEMICOLON .)
    RKEYS           reduce using rule 7 (statement -> CHAR ID LBRACKET NUMBER RBRACKET SEMICOLON .)


state 89

    (17) statement -> INT ID LBRACKET NUMBER RBRACKET SEMICOLON .

    $end            reduce using rule 17 (statement -> INT ID LBRACKET NUMBER RBRACKET SEMICOLON .)
    RETURN          reduce using rule 17 (statement -> INT ID LBRACKET NUMBER RBRACKET SEMICOLON .)
    RKEYS           reduce using rule 17 (statement -> INT ID LBRACKET NUMBER RBRACKET SEMICOLON .)


state 90

    (19) statement -> INT ID LBRACKET RBRACKET EQUALS LKEYS . number_list RKEYS SEMICOLON
    (20) number_list -> . NUMBER
    (21) number_list -> . number_list COMMA NUMBER

    NUMBER          shift and go to state 100

    number_list                    shift and go to state 99

state 91

    (30) statement -> INT ID LPAREND INT ID COMMA . INT ID RPAREND LKEYS RETURN ID AUM ID SEMICOLON RKEYS
    (31) statement -> INT ID LPAREND INT ID COMMA . INT ID RPAREND LKEYS RETURN ID TIMES ID SEMICOLON RKEYS
    (32) statement -> INT ID LPAREND INT ID COMMA . INT ID RPAREND LKEYS RETURN ID MINUS ID SEMICOLON RKEYS
    (33) statement -> INT ID LPAREND INT ID COMMA . INT ID RPAREND LKEYS RETURN ID DIVIDE ID SEMICOLON RKEYS

    INT             shift and go to state 101


state 92

    (36) statement -> INT MAIN LPAREND RPAREND LKEYS statement . RETURN NUMBER SEMICOLON RKEYS

    RETURN          shift and go to state 102


state 93

    (28) statement -> IF LPAREND ID EQ NUMBER RPAREND . LKEYS statement RKEYS ELSE LKEYS statement RKEYS

    LKEYS           shift and go to state 103


state 94

    (29) statement -> FOR LPAREND INT ID EQUALS NUMBER . SEMICOLON ID COLON NUMBER SEMICOLON ID AUM RPAREND LKEYS statement RKEYS

    SEMICOLON       shift and go to state 104


state 95

    (34) statement -> CLASS ID LKEYS PRIVATE POINTS INT . ID SEMICOLON PUBLIC POINTS ID LPAREND INT ID RPAREND LKEYS ID EQUALS ID SEMICOLON RKEYS RKEYS SEMICOLON
    (35) statement -> CLASS ID LKEYS PRIVATE POINTS INT . ID SEMICOLON INT ID SEMICOLON PUBLIC POINTS ID LPAREND INT ID COMMA INT ID RPAREND LKEYS ID EQUALS ID SEMICOLON ID EQUALS ID SEMICOLON RKEYS RKEYS SEMICOLON

    ID              shift and go to state 105


state 96

    (14) statement -> STRING1 ID LBRACKET NUMBER RBRACKET EQUALS LKEYS . string_list RKEYS SEMICOLON
    (15) string_list -> . STRING
    (16) string_list -> . string_list COMMA STRING

    STRING          shift and go to state 107

    string_list                    shift and go to state 106

state 97

    (11) val_list -> ID .

    RKEYS           reduce using rule 11 (val_list -> ID .)
    COMMA           reduce using rule 11 (val_list -> ID .)


state 98

    (10) statement -> BOOL ID LBRACKET RBRACKET EQUALS LKEYS val_list . RKEYS SEMICOLON
    (12) val_list -> val_list . COMMA ID

    RKEYS           shift and go to state 108
    COMMA           shift and go to state 109


state 99

    (19) statement -> INT ID LBRACKET RBRACKET EQUALS LKEYS number_list . RKEYS SEMICOLON
    (21) number_list -> number_list . COMMA NUMBER

    RKEYS           shift and go to state 110
    COMMA           shift and go to state 111


state 100

    (20) number_list -> NUMBER .

    RKEYS           reduce using rule 20 (number_list -> NUMBER .)
    COMMA           reduce using rule 20 (number_list -> NUMBER .)


state 101

    (30) statement -> INT ID LPAREND INT ID COMMA INT . ID RPAREND LKEYS RETURN ID AUM ID SEMICOLON RKEYS
    (31) statement -> INT ID LPAREND INT ID COMMA INT . ID RPAREND LKEYS RETURN ID TIMES ID SEMICOLON RKEYS
    (32) statement -> INT ID LPAREND INT ID COMMA INT . ID RPAREND LKEYS RETURN ID MINUS ID SEMICOLON RKEYS
    (33) statement -> INT ID LPAREND INT ID COMMA INT . ID RPAREND LKEYS RETURN ID DIVIDE ID SEMICOLON RKEYS

    ID              shift and go to state 112


state 102

    (36) statement -> INT MAIN LPAREND RPAREND LKEYS statement RETURN . NUMBER SEMICOLON RKEYS

    NUMBER          shift and go to state 113


state 103

    (28) statement -> IF LPAREND ID EQ NUMBER RPAREND LKEYS . statement RKEYS ELSE LKEYS statement RKEYS
    (1) statement -> . ID SHIFT_LEFT STRING SEMICOLON
    (2) statement -> . FLOAT ID EQUALS expr SEMICOLON
    (3) statement -> . STRING1 ID EQUALS expr SEMICOLON
    (4) statement -> . BOOL ID EQUALS expr SEMICOLON
    (5) statement -> . CHAR ID EQUALS expr SEMICOLON
    (6) statement -> . INT ID EQUALS expr SEMICOLON
    (7) statement -> . CHAR ID LBRACKET NUMBER RBRACKET SEMICOLON
    (8) statement -> . FLOAT ID LBRACKET NUMBER RBRACKET SEMICOLON
    (9) statement -> . BOOL ID LBRACKET NUMBER RBRACKET SEMICOLON
    (10) statement -> . BOOL ID LBRACKET RBRACKET EQUALS LKEYS val_list RKEYS SEMICOLON
    (13) statement -> . STRING1 ID LBRACKET NUMBER RBRACKET SEMICOLON
    (14) statement -> . STRING1 ID LBRACKET NUMBER RBRACKET EQUALS LKEYS string_list RKEYS SEMICOLON
    (17) statement -> . INT ID LBRACKET NUMBER RBRACKET SEMICOLON
    (18) statement -> . INT ID LBRACKET RBRACKET SEMICOLON
    (19) statement -> . INT ID LBRACKET RBRACKET EQUALS LKEYS number_list RKEYS SEMICOLON
    (28) statement -> . IF LPAREND ID EQ NUMBER RPAREND LKEYS statement RKEYS ELSE LKEYS statement RKEYS
    (29) statement -> . FOR LPAREND INT ID EQUALS NUMBER SEMICOLON ID COLON NUMBER SEMICOLON ID AUM RPAREND LKEYS statement RKEYS
    (30) statement -> . INT ID LPAREND INT ID COMMA INT ID RPAREND LKEYS RETURN ID AUM ID SEMICOLON RKEYS
    (31) statement -> . INT ID LPAREND INT ID COMMA INT ID RPAREND LKEYS RETURN ID TIMES ID SEMICOLON RKEYS
    (32) statement -> . INT ID LPAREND INT ID COMMA INT ID RPAREND LKEYS RETURN ID MINUS ID SEMICOLON RKEYS
    (33) statement -> . INT ID LPAREND INT ID COMMA INT ID RPAREND LKEYS RETURN ID DIVIDE ID SEMICOLON RKEYS
    (34) statement -> . CLASS ID LKEYS PRIVATE POINTS INT ID SEMICOLON PUBLIC POINTS ID LPAREND INT ID RPAREND LKEYS ID EQUALS ID SEMICOLON RKEYS RKEYS SEMICOLON
    (35) statement -> . CLASS ID LKEYS PRIVATE POINTS INT ID SEMICOLON INT ID SEMICOLON PUBLIC POINTS ID LPAREND INT ID COMMA INT ID RPAREND LKEYS ID EQUALS ID SEMICOLON ID EQUALS ID SEMICOLON RKEYS RKEYS SEMICOLON
    (36) statement -> . INT MAIN LPAREND RPAREND LKEYS statement RETURN NUMBER SEMICOLON RKEYS

    ID              shift and go to state 2
    FLOAT           shift and go to state 3
    STRING1         shift and go to state 4
    BOOL            shift and go to state 5
    CHAR            shift and go to state 6
    INT             shift and go to state 7
    IF              shift and go to state 8
    FOR             shift and go to state 9
    CLASS           shift and go to state 10

    statement                      shift and go to state 114

state 104

    (29) statement -> FOR LPAREND INT ID EQUALS NUMBER SEMICOLON . ID COLON NUMBER SEMICOLON ID AUM RPAREND LKEYS statement RKEYS

    ID              shift and go to state 115


state 105

    (34) statement -> CLASS ID LKEYS PRIVATE POINTS INT ID . SEMICOLON PUBLIC POINTS ID LPAREND INT ID RPAREND LKEYS ID EQUALS ID SEMICOLON RKEYS RKEYS SEMICOLON
    (35) statement -> CLASS ID LKEYS PRIVATE POINTS INT ID . SEMICOLON INT ID SEMICOLON PUBLIC POINTS ID LPAREND INT ID COMMA INT ID RPAREND LKEYS ID EQUALS ID SEMICOLON ID EQUALS ID SEMICOLON RKEYS RKEYS SEMICOLON

    SEMICOLON       shift and go to state 116


state 106

    (14) statement -> STRING1 ID LBRACKET NUMBER RBRACKET EQUALS LKEYS string_list . RKEYS SEMICOLON
    (16) string_list -> string_list . COMMA STRING

    RKEYS           shift and go to state 117
    COMMA           shift and go to state 118


state 107

    (15) string_list -> STRING .

    RKEYS           reduce using rule 15 (string_list -> STRING .)
    COMMA           reduce using rule 15 (string_list -> STRING .)


state 108

    (10) statement -> BOOL ID LBRACKET RBRACKET EQUALS LKEYS val_list RKEYS . SEMICOLON

    SEMICOLON       shift and go to state 119


state 109

    (12) val_list -> val_list COMMA . ID

    ID              shift and go to state 120


state 110

    (19) statement -> INT ID LBRACKET RBRACKET EQUALS LKEYS number_list RKEYS . SEMICOLON

    SEMICOLON       shift and go to state 121


state 111

    (21) number_list -> number_list COMMA . NUMBER

    NUMBER          shift and go to state 122


state 112

    (30) statement -> INT ID LPAREND INT ID COMMA INT ID . RPAREND LKEYS RETURN ID AUM ID SEMICOLON RKEYS
    (31) statement -> INT ID LPAREND INT ID COMMA INT ID . RPAREND LKEYS RETURN ID TIMES ID SEMICOLON RKEYS
    (32) statement -> INT ID LPAREND INT ID COMMA INT ID . RPAREND LKEYS RETURN ID MINUS ID SEMICOLON RKEYS
    (33) statement -> INT ID LPAREND INT ID COMMA INT ID . RPAREND LKEYS RETURN ID DIVIDE ID SEMICOLON RKEYS

    RPAREND         shift and go to state 123


state 113

    (36) statement -> INT MAIN LPAREND RPAREND LKEYS statement RETURN NUMBER . SEMICOLON RKEYS

    SEMICOLON       shift and go to state 124


state 114

    (28) statement -> IF LPAREND ID EQ NUMBER RPAREND LKEYS statement . RKEYS ELSE LKEYS statement RKEYS

    RKEYS           shift and go to state 125


state 115

    (29) statement -> FOR LPAREND INT ID EQUALS NUMBER SEMICOLON ID . COLON NUMBER SEMICOLON ID AUM RPAREND LKEYS statement RKEYS

    COLON           shift and go to state 126


state 116

    (34) statement -> CLASS ID LKEYS PRIVATE POINTS INT ID SEMICOLON . PUBLIC POINTS ID LPAREND INT ID RPAREND LKEYS ID EQUALS ID SEMICOLON RKEYS RKEYS SEMICOLON
    (35) statement -> CLASS ID LKEYS PRIVATE POINTS INT ID SEMICOLON . INT ID SEMICOLON PUBLIC POINTS ID LPAREND INT ID COMMA INT ID RPAREND LKEYS ID EQUALS ID SEMICOLON ID EQUALS ID SEMICOLON RKEYS RKEYS SEMICOLON

    PUBLIC          shift and go to state 128
    INT             shift and go to state 127


state 117

    (14) statement -> STRING1 ID LBRACKET NUMBER RBRACKET EQUALS LKEYS string_list RKEYS . SEMICOLON

    SEMICOLON       shift and go to state 129


state 118

    (16) string_list -> string_list COMMA . STRING

    STRING          shift and go to state 130


state 119

    (10) statement -> BOOL ID LBRACKET RBRACKET EQUALS LKEYS val_list RKEYS SEMICOLON .

    $end            reduce using rule 10 (statement -> BOOL ID LBRACKET RBRACKET EQUALS LKEYS val_list RKEYS SEMICOLON .)
    RETURN          reduce using rule 10 (statement -> BOOL ID LBRACKET RBRACKET EQUALS LKEYS val_list RKEYS SEMICOLON .)
    RKEYS           reduce using rule 10 (statement -> BOOL ID LBRACKET RBRACKET EQUALS LKEYS val_list RKEYS SEMICOLON .)


state 120

    (12) val_list -> val_list COMMA ID .

    RKEYS           reduce using rule 12 (val_list -> val_list COMMA ID .)
    COMMA           reduce using rule 12 (val_list -> val_list COMMA ID .)


state 121

    (19) statement -> INT ID LBRACKET RBRACKET EQUALS LKEYS number_list RKEYS SEMICOLON .

    $end            reduce using rule 19 (statement -> INT ID LBRACKET RBRACKET EQUALS LKEYS number_list RKEYS SEMICOLON .)
    RETURN          reduce using rule 19 (statement -> INT ID LBRACKET RBRACKET EQUALS LKEYS number_list RKEYS SEMICOLON .)
    RKEYS           reduce using rule 19 (statement -> INT ID LBRACKET RBRACKET EQUALS LKEYS number_list RKEYS SEMICOLON .)


state 122

    (21) number_list -> number_list COMMA NUMBER .

    RKEYS           reduce using rule 21 (number_list -> number_list COMMA NUMBER .)
    COMMA           reduce using rule 21 (number_list -> number_list COMMA NUMBER .)


state 123

    (30) statement -> INT ID LPAREND INT ID COMMA INT ID RPAREND . LKEYS RETURN ID AUM ID SEMICOLON RKEYS
    (31) statement -> INT ID LPAREND INT ID COMMA INT ID RPAREND . LKEYS RETURN ID TIMES ID SEMICOLON RKEYS
    (32) statement -> INT ID LPAREND INT ID COMMA INT ID RPAREND . LKEYS RETURN ID MINUS ID SEMICOLON RKEYS
    (33) statement -> INT ID LPAREND INT ID COMMA INT ID RPAREND . LKEYS RETURN ID DIVIDE ID SEMICOLON RKEYS

    LKEYS           shift and go to state 131


state 124

    (36) statement -> INT MAIN LPAREND RPAREND LKEYS statement RETURN NUMBER SEMICOLON . RKEYS

    RKEYS           shift and go to state 132


state 125

    (28) statement -> IF LPAREND ID EQ NUMBER RPAREND LKEYS statement RKEYS . ELSE LKEYS statement RKEYS

    ELSE            shift and go to state 133


state 126

    (29) statement -> FOR LPAREND INT ID EQUALS NUMBER SEMICOLON ID COLON . NUMBER SEMICOLON ID AUM RPAREND LKEYS statement RKEYS

    NUMBER          shift and go to state 134


state 127

    (35) statement -> CLASS ID LKEYS PRIVATE POINTS INT ID SEMICOLON INT . ID SEMICOLON PUBLIC POINTS ID LPAREND INT ID COMMA INT ID RPAREND LKEYS ID EQUALS ID SEMICOLON ID EQUALS ID SEMICOLON RKEYS RKEYS SEMICOLON

    ID              shift and go to state 135


state 128

    (34) statement -> CLASS ID LKEYS PRIVATE POINTS INT ID SEMICOLON PUBLIC . POINTS ID LPAREND INT ID RPAREND LKEYS ID EQUALS ID SEMICOLON RKEYS RKEYS SEMICOLON

    POINTS          shift and go to state 136


state 129

    (14) statement -> STRING1 ID LBRACKET NUMBER RBRACKET EQUALS LKEYS string_list RKEYS SEMICOLON .

    $end            reduce using rule 14 (statement -> STRING1 ID LBRACKET NUMBER RBRACKET EQUALS LKEYS string_list RKEYS SEMICOLON .)
    RETURN          reduce using rule 14 (statement -> STRING1 ID LBRACKET NUMBER RBRACKET EQUALS LKEYS string_list RKEYS SEMICOLON .)
    RKEYS           reduce using rule 14 (statement -> STRING1 ID LBRACKET NUMBER RBRACKET EQUALS LKEYS string_list RKEYS SEMICOLON .)


state 130

    (16) string_list -> string_list COMMA STRING .

    RKEYS           reduce using rule 16 (string_list -> string_list COMMA STRING .)
    COMMA           reduce using rule 16 (string_list -> string_list COMMA STRING .)


state 131

    (30) statement -> INT ID LPAREND INT ID COMMA INT ID RPAREND LKEYS . RETURN ID AUM ID SEMICOLON RKEYS
    (31) statement -> INT ID LPAREND INT ID COMMA INT ID RPAREND LKEYS . RETURN ID TIMES ID SEMICOLON RKEYS
    (32) statement -> INT ID LPAREND INT ID COMMA INT ID RPAREND LKEYS . RETURN ID MINUS ID SEMICOLON RKEYS
    (33) statement -> INT ID LPAREND INT ID COMMA INT ID RPAREND LKEYS . RETURN ID DIVIDE ID SEMICOLON RKEYS

    RETURN          shift and go to state 137


state 132

    (36) statement -> INT MAIN LPAREND RPAREND LKEYS statement RETURN NUMBER SEMICOLON RKEYS .

    $end            reduce using rule 36 (statement -> INT MAIN LPAREND RPAREND LKEYS statement RETURN NUMBER SEMICOLON RKEYS .)
    RETURN          reduce using rule 36 (statement -> INT MAIN LPAREND RPAREND LKEYS statement RETURN NUMBER SEMICOLON RKEYS .)
    RKEYS           reduce using rule 36 (statement -> INT MAIN LPAREND RPAREND LKEYS statement RETURN NUMBER SEMICOLON RKEYS .)


state 133

    (28) statement -> IF LPAREND ID EQ NUMBER RPAREND LKEYS statement RKEYS ELSE . LKEYS statement RKEYS

    LKEYS           shift and go to state 138


state 134

    (29) statement -> FOR LPAREND INT ID EQUALS NUMBER SEMICOLON ID COLON NUMBER . SEMICOLON ID AUM RPAREND LKEYS statement RKEYS

    SEMICOLON       shift and go to state 139


state 135

    (35) statement -> CLASS ID LKEYS PRIVATE POINTS INT ID SEMICOLON INT ID . SEMICOLON PUBLIC POINTS ID LPAREND INT ID COMMA INT ID RPAREND LKEYS ID EQUALS ID SEMICOLON ID EQUALS ID SEMICOLON RKEYS RKEYS SEMICOLON

    SEMICOLON       shift and go to state 140


state 136

    (34) statement -> CLASS ID LKEYS PRIVATE POINTS INT ID SEMICOLON PUBLIC POINTS . ID LPAREND INT ID RPAREND LKEYS ID EQUALS ID SEMICOLON RKEYS RKEYS SEMICOLON

    ID              shift and go to state 141


state 137

    (30) statement -> INT ID LPAREND INT ID COMMA INT ID RPAREND LKEYS RETURN . ID AUM ID SEMICOLON RKEYS
    (31) statement -> INT ID LPAREND INT ID COMMA INT ID RPAREND LKEYS RETURN . ID TIMES ID SEMICOLON RKEYS
    (32) statement -> INT ID LPAREND INT ID COMMA INT ID RPAREND LKEYS RETURN . ID MINUS ID SEMICOLON RKEYS
    (33) statement -> INT ID LPAREND INT ID COMMA INT ID RPAREND LKEYS RETURN . ID DIVIDE ID SEMICOLON RKEYS

    ID              shift and go to state 142


state 138

    (28) statement -> IF LPAREND ID EQ NUMBER RPAREND LKEYS statement RKEYS ELSE LKEYS . statement RKEYS
    (1) statement -> . ID SHIFT_LEFT STRING SEMICOLON
    (2) statement -> . FLOAT ID EQUALS expr SEMICOLON
    (3) statement -> . STRING1 ID EQUALS expr SEMICOLON
    (4) statement -> . BOOL ID EQUALS expr SEMICOLON
    (5) statement -> . CHAR ID EQUALS expr SEMICOLON
    (6) statement -> . INT ID EQUALS expr SEMICOLON
    (7) statement -> . CHAR ID LBRACKET NUMBER RBRACKET SEMICOLON
    (8) statement -> . FLOAT ID LBRACKET NUMBER RBRACKET SEMICOLON
    (9) statement -> . BOOL ID LBRACKET NUMBER RBRACKET SEMICOLON
    (10) statement -> . BOOL ID LBRACKET RBRACKET EQUALS LKEYS val_list RKEYS SEMICOLON
    (13) statement -> . STRING1 ID LBRACKET NUMBER RBRACKET SEMICOLON
    (14) statement -> . STRING1 ID LBRACKET NUMBER RBRACKET EQUALS LKEYS string_list RKEYS SEMICOLON
    (17) statement -> . INT ID LBRACKET NUMBER RBRACKET SEMICOLON
    (18) statement -> . INT ID LBRACKET RBRACKET SEMICOLON
    (19) statement -> . INT ID LBRACKET RBRACKET EQUALS LKEYS number_list RKEYS SEMICOLON
    (28) statement -> . IF LPAREND ID EQ NUMBER RPAREND LKEYS statement RKEYS ELSE LKEYS statement RKEYS
    (29) statement -> . FOR LPAREND INT ID EQUALS NUMBER SEMICOLON ID COLON NUMBER SEMICOLON ID AUM RPAREND LKEYS statement RKEYS
    (30) statement -> . INT ID LPAREND INT ID COMMA INT ID RPAREND LKEYS RETURN ID AUM ID SEMICOLON RKEYS
    (31) statement -> . INT ID LPAREND INT ID COMMA INT ID RPAREND LKEYS RETURN ID TIMES ID SEMICOLON RKEYS
    (32) statement -> . INT ID LPAREND INT ID COMMA INT ID RPAREND LKEYS RETURN ID MINUS ID SEMICOLON RKEYS
    (33) statement -> . INT ID LPAREND INT ID COMMA INT ID RPAREND LKEYS RETURN ID DIVIDE ID SEMICOLON RKEYS
    (34) statement -> . CLASS ID LKEYS PRIVATE POINTS INT ID SEMICOLON PUBLIC POINTS ID LPAREND INT ID RPAREND LKEYS ID EQUALS ID SEMICOLON RKEYS RKEYS SEMICOLON
    (35) statement -> . CLASS ID LKEYS PRIVATE POINTS INT ID SEMICOLON INT ID SEMICOLON PUBLIC POINTS ID LPAREND INT ID COMMA INT ID RPAREND LKEYS ID EQUALS ID SEMICOLON ID EQUALS ID SEMICOLON RKEYS RKEYS SEMICOLON
    (36) statement -> . INT MAIN LPAREND RPAREND LKEYS statement RETURN NUMBER SEMICOLON RKEYS

    ID              shift and go to state 2
    FLOAT           shift and go to state 3
    STRING1         shift and go to state 4
    BOOL            shift and go to state 5
    CHAR            shift and go to state 6
    INT             shift and go to state 7
    IF              shift and go to state 8
    FOR             shift and go to state 9
    CLASS           shift and go to state 10

    statement                      shift and go to state 143

state 139

    (29) statement -> FOR LPAREND INT ID EQUALS NUMBER SEMICOLON ID COLON NUMBER SEMICOLON . ID AUM RPAREND LKEYS statement RKEYS

    ID              shift and go to state 144


state 140

    (35) statement -> CLASS ID LKEYS PRIVATE POINTS INT ID SEMICOLON INT ID SEMICOLON . PUBLIC POINTS ID LPAREND INT ID COMMA INT ID RPAREND LKEYS ID EQUALS ID SEMICOLON ID EQUALS ID SEMICOLON RKEYS RKEYS SEMICOLON

    PUBLIC          shift and go to state 145


state 141

    (34) statement -> CLASS ID LKEYS PRIVATE POINTS INT ID SEMICOLON PUBLIC POINTS ID . LPAREND INT ID RPAREND LKEYS ID EQUALS ID SEMICOLON RKEYS RKEYS SEMICOLON

    LPAREND         shift and go to state 146


state 142

    (30) statement -> INT ID LPAREND INT ID COMMA INT ID RPAREND LKEYS RETURN ID . AUM ID SEMICOLON RKEYS
    (31) statement -> INT ID LPAREND INT ID COMMA INT ID RPAREND LKEYS RETURN ID . TIMES ID SEMICOLON RKEYS
    (32) statement -> INT ID LPAREND INT ID COMMA INT ID RPAREND LKEYS RETURN ID . MINUS ID SEMICOLON RKEYS
    (33) statement -> INT ID LPAREND INT ID COMMA INT ID RPAREND LKEYS RETURN ID . DIVIDE ID SEMICOLON RKEYS

    AUM             shift and go to state 147
    TIMES           shift and go to state 148
    MINUS           shift and go to state 149
    DIVIDE          shift and go to state 150


state 143

    (28) statement -> IF LPAREND ID EQ NUMBER RPAREND LKEYS statement RKEYS ELSE LKEYS statement . RKEYS

    RKEYS           shift and go to state 151


state 144

    (29) statement -> FOR LPAREND INT ID EQUALS NUMBER SEMICOLON ID COLON NUMBER SEMICOLON ID . AUM RPAREND LKEYS statement RKEYS

    AUM             shift and go to state 152


state 145

    (35) statement -> CLASS ID LKEYS PRIVATE POINTS INT ID SEMICOLON INT ID SEMICOLON PUBLIC . POINTS ID LPAREND INT ID COMMA INT ID RPAREND LKEYS ID EQUALS ID SEMICOLON ID EQUALS ID SEMICOLON RKEYS RKEYS SEMICOLON

    POINTS          shift and go to state 153


state 146

    (34) statement -> CLASS ID LKEYS PRIVATE POINTS INT ID SEMICOLON PUBLIC POINTS ID LPAREND . INT ID RPAREND LKEYS ID EQUALS ID SEMICOLON RKEYS RKEYS SEMICOLON

    INT             shift and go to state 154


state 147

    (30) statement -> INT ID LPAREND INT ID COMMA INT ID RPAREND LKEYS RETURN ID AUM . ID SEMICOLON RKEYS

    ID              shift and go to state 155


state 148

    (31) statement -> INT ID LPAREND INT ID COMMA INT ID RPAREND LKEYS RETURN ID TIMES . ID SEMICOLON RKEYS

    ID              shift and go to state 156


state 149

    (32) statement -> INT ID LPAREND INT ID COMMA INT ID RPAREND LKEYS RETURN ID MINUS . ID SEMICOLON RKEYS

    ID              shift and go to state 157


state 150

    (33) statement -> INT ID LPAREND INT ID COMMA INT ID RPAREND LKEYS RETURN ID DIVIDE . ID SEMICOLON RKEYS

    ID              shift and go to state 158


state 151

    (28) statement -> IF LPAREND ID EQ NUMBER RPAREND LKEYS statement RKEYS ELSE LKEYS statement RKEYS .

    $end            reduce using rule 28 (statement -> IF LPAREND ID EQ NUMBER RPAREND LKEYS statement RKEYS ELSE LKEYS statement RKEYS .)
    RETURN          reduce using rule 28 (statement -> IF LPAREND ID EQ NUMBER RPAREND LKEYS statement RKEYS ELSE LKEYS statement RKEYS .)
    RKEYS           reduce using rule 28 (statement -> IF LPAREND ID EQ NUMBER RPAREND LKEYS statement RKEYS ELSE LKEYS statement RKEYS .)


state 152

    (29) statement -> FOR LPAREND INT ID EQUALS NUMBER SEMICOLON ID COLON NUMBER SEMICOLON ID AUM . RPAREND LKEYS statement RKEYS

    RPAREND         shift and go to state 159


state 153

    (35) statement -> CLASS ID LKEYS PRIVATE POINTS INT ID SEMICOLON INT ID SEMICOLON PUBLIC POINTS . ID LPAREND INT ID COMMA INT ID RPAREND LKEYS ID EQUALS ID SEMICOLON ID EQUALS ID SEMICOLON RKEYS RKEYS SEMICOLON

    ID              shift and go to state 160


state 154

    (34) statement -> CLASS ID LKEYS PRIVATE POINTS INT ID SEMICOLON PUBLIC POINTS ID LPAREND INT . ID RPAREND LKEYS ID EQUALS ID SEMICOLON RKEYS RKEYS SEMICOLON

    ID              shift and go to state 161


state 155

    (30) statement -> INT ID LPAREND INT ID COMMA INT ID RPAREND LKEYS RETURN ID AUM ID . SEMICOLON RKEYS

    SEMICOLON       shift and go to state 162


state 156

    (31) statement -> INT ID LPAREND INT ID COMMA INT ID RPAREND LKEYS RETURN ID TIMES ID . SEMICOLON RKEYS

    SEMICOLON       shift and go to state 163


state 157

    (32) statement -> INT ID LPAREND INT ID COMMA INT ID RPAREND LKEYS RETURN ID MINUS ID . SEMICOLON RKEYS

    SEMICOLON       shift and go to state 164


state 158

    (33) statement -> INT ID LPAREND INT ID COMMA INT ID RPAREND LKEYS RETURN ID DIVIDE ID . SEMICOLON RKEYS

    SEMICOLON       shift and go to state 165


state 159

    (29) statement -> FOR LPAREND INT ID EQUALS NUMBER SEMICOLON ID COLON NUMBER SEMICOLON ID AUM RPAREND . LKEYS statement RKEYS

    LKEYS           shift and go to state 166


state 160

    (35) statement -> CLASS ID LKEYS PRIVATE POINTS INT ID SEMICOLON INT ID SEMICOLON PUBLIC POINTS ID . LPAREND INT ID COMMA INT ID RPAREND LKEYS ID EQUALS ID SEMICOLON ID EQUALS ID SEMICOLON RKEYS RKEYS SEMICOLON

    LPAREND         shift and go to state 167


state 161

    (34) statement -> CLASS ID LKEYS PRIVATE POINTS INT ID SEMICOLON PUBLIC POINTS ID LPAREND INT ID . RPAREND LKEYS ID EQUALS ID SEMICOLON RKEYS RKEYS SEMICOLON

    RPAREND         shift and go to state 168


state 162

    (30) statement -> INT ID LPAREND INT ID COMMA INT ID RPAREND LKEYS RETURN ID AUM ID SEMICOLON . RKEYS

    RKEYS           shift and go to state 169


state 163

    (31) statement -> INT ID LPAREND INT ID COMMA INT ID RPAREND LKEYS RETURN ID TIMES ID SEMICOLON . RKEYS

    RKEYS           shift and go to state 170


state 164

    (32) statement -> INT ID LPAREND INT ID COMMA INT ID RPAREND LKEYS RETURN ID MINUS ID SEMICOLON . RKEYS

    RKEYS           shift and go to state 171


state 165

    (33) statement -> INT ID LPAREND INT ID COMMA INT ID RPAREND LKEYS RETURN ID DIVIDE ID SEMICOLON . RKEYS

    RKEYS           shift and go to state 172


state 166

    (29) statement -> FOR LPAREND INT ID EQUALS NUMBER SEMICOLON ID COLON NUMBER SEMICOLON ID AUM RPAREND LKEYS . statement RKEYS
    (1) statement -> . ID SHIFT_LEFT STRING SEMICOLON
    (2) statement -> . FLOAT ID EQUALS expr SEMICOLON
    (3) statement -> . STRING1 ID EQUALS expr SEMICOLON
    (4) statement -> . BOOL ID EQUALS expr SEMICOLON
    (5) statement -> . CHAR ID EQUALS expr SEMICOLON
    (6) statement -> . INT ID EQUALS expr SEMICOLON
    (7) statement -> . CHAR ID LBRACKET NUMBER RBRACKET SEMICOLON
    (8) statement -> . FLOAT ID LBRACKET NUMBER RBRACKET SEMICOLON
    (9) statement -> . BOOL ID LBRACKET NUMBER RBRACKET SEMICOLON
    (10) statement -> . BOOL ID LBRACKET RBRACKET EQUALS LKEYS val_list RKEYS SEMICOLON
    (13) statement -> . STRING1 ID LBRACKET NUMBER RBRACKET SEMICOLON
    (14) statement -> . STRING1 ID LBRACKET NUMBER RBRACKET EQUALS LKEYS string_list RKEYS SEMICOLON
    (17) statement -> . INT ID LBRACKET NUMBER RBRACKET SEMICOLON
    (18) statement -> . INT ID LBRACKET RBRACKET SEMICOLON
    (19) statement -> . INT ID LBRACKET RBRACKET EQUALS LKEYS number_list RKEYS SEMICOLON
    (28) statement -> . IF LPAREND ID EQ NUMBER RPAREND LKEYS statement RKEYS ELSE LKEYS statement RKEYS
    (29) statement -> . FOR LPAREND INT ID EQUALS NUMBER SEMICOLON ID COLON NUMBER SEMICOLON ID AUM RPAREND LKEYS statement RKEYS
    (30) statement -> . INT ID LPAREND INT ID COMMA INT ID RPAREND LKEYS RETURN ID AUM ID SEMICOLON RKEYS
    (31) statement -> . INT ID LPAREND INT ID COMMA INT ID RPAREND LKEYS RETURN ID TIMES ID SEMICOLON RKEYS
    (32) statement -> . INT ID LPAREND INT ID COMMA INT ID RPAREND LKEYS RETURN ID MINUS ID SEMICOLON RKEYS
    (33) statement -> . INT ID LPAREND INT ID COMMA INT ID RPAREND LKEYS RETURN ID DIVIDE ID SEMICOLON RKEYS
    (34) statement -> . CLASS ID LKEYS PRIVATE POINTS INT ID SEMICOLON PUBLIC POINTS ID LPAREND INT ID RPAREND LKEYS ID EQUALS ID SEMICOLON RKEYS RKEYS SEMICOLON
    (35) statement -> . CLASS ID LKEYS PRIVATE POINTS INT ID SEMICOLON INT ID SEMICOLON PUBLIC POINTS ID LPAREND INT ID COMMA INT ID RPAREND LKEYS ID EQUALS ID SEMICOLON ID EQUALS ID SEMICOLON RKEYS RKEYS SEMICOLON
    (36) statement -> . INT MAIN LPAREND RPAREND LKEYS statement RETURN NUMBER SEMICOLON RKEYS

    ID              shift and go to state 2
    FLOAT           shift and go to state 3
    STRING1         shift and go to state 4
    BOOL            shift and go to state 5
    CHAR            shift and go to state 6
    INT             shift and go to state 7
    IF              shift and go to state 8
    FOR             shift and go to state 9
    CLASS           shift and go to state 10

    statement                      shift and go to state 173

state 167

    (35) statement -> CLASS ID LKEYS PRIVATE POINTS INT ID SEMICOLON INT ID SEMICOLON PUBLIC POINTS ID LPAREND . INT ID COMMA INT ID RPAREND LKEYS ID EQUALS ID SEMICOLON ID EQUALS ID SEMICOLON RKEYS RKEYS SEMICOLON

    INT             shift and go to state 174


state 168

    (34) statement -> CLASS ID LKEYS PRIVATE POINTS INT ID SEMICOLON PUBLIC POINTS ID LPAREND INT ID RPAREND . LKEYS ID EQUALS ID SEMICOLON RKEYS RKEYS SEMICOLON

    LKEYS           shift and go to state 175


state 169

    (30) statement -> INT ID LPAREND INT ID COMMA INT ID RPAREND LKEYS RETURN ID AUM ID SEMICOLON RKEYS .

    $end            reduce using rule 30 (statement -> INT ID LPAREND INT ID COMMA INT ID RPAREND LKEYS RETURN ID AUM ID SEMICOLON RKEYS .)
    RETURN          reduce using rule 30 (statement -> INT ID LPAREND INT ID COMMA INT ID RPAREND LKEYS RETURN ID AUM ID SEMICOLON RKEYS .)
    RKEYS           reduce using rule 30 (statement -> INT ID LPAREND INT ID COMMA INT ID RPAREND LKEYS RETURN ID AUM ID SEMICOLON RKEYS .)


state 170

    (31) statement -> INT ID LPAREND INT ID COMMA INT ID RPAREND LKEYS RETURN ID TIMES ID SEMICOLON RKEYS .

    $end            reduce using rule 31 (statement -> INT ID LPAREND INT ID COMMA INT ID RPAREND LKEYS RETURN ID TIMES ID SEMICOLON RKEYS .)
    RETURN          reduce using rule 31 (statement -> INT ID LPAREND INT ID COMMA INT ID RPAREND LKEYS RETURN ID TIMES ID SEMICOLON RKEYS .)
    RKEYS           reduce using rule 31 (statement -> INT ID LPAREND INT ID COMMA INT ID RPAREND LKEYS RETURN ID TIMES ID SEMICOLON RKEYS .)


state 171

    (32) statement -> INT ID LPAREND INT ID COMMA INT ID RPAREND LKEYS RETURN ID MINUS ID SEMICOLON RKEYS .

    $end            reduce using rule 32 (statement -> INT ID LPAREND INT ID COMMA INT ID RPAREND LKEYS RETURN ID MINUS ID SEMICOLON RKEYS .)
    RETURN          reduce using rule 32 (statement -> INT ID LPAREND INT ID COMMA INT ID RPAREND LKEYS RETURN ID MINUS ID SEMICOLON RKEYS .)
    RKEYS           reduce using rule 32 (statement -> INT ID LPAREND INT ID COMMA INT ID RPAREND LKEYS RETURN ID MINUS ID SEMICOLON RKEYS .)


state 172

    (33) statement -> INT ID LPAREND INT ID COMMA INT ID RPAREND LKEYS RETURN ID DIVIDE ID SEMICOLON RKEYS .

    $end            reduce using rule 33 (statement -> INT ID LPAREND INT ID COMMA INT ID RPAREND LKEYS RETURN ID DIVIDE ID SEMICOLON RKEYS .)
    RETURN          reduce using rule 33 (statement -> INT ID LPAREND INT ID COMMA INT ID RPAREND LKEYS RETURN ID DIVIDE ID SEMICOLON RKEYS .)
    RKEYS           reduce using rule 33 (statement -> INT ID LPAREND INT ID COMMA INT ID RPAREND LKEYS RETURN ID DIVIDE ID SEMICOLON RKEYS .)


state 173

    (29) statement -> FOR LPAREND INT ID EQUALS NUMBER SEMICOLON ID COLON NUMBER SEMICOLON ID AUM RPAREND LKEYS statement . RKEYS

    RKEYS           shift and go to state 176


state 174

    (35) statement -> CLASS ID LKEYS PRIVATE POINTS INT ID SEMICOLON INT ID SEMICOLON PUBLIC POINTS ID LPAREND INT . ID COMMA INT ID RPAREND LKEYS ID EQUALS ID SEMICOLON ID EQUALS ID SEMICOLON RKEYS RKEYS SEMICOLON

    ID              shift and go to state 177


state 175

    (34) statement -> CLASS ID LKEYS PRIVATE POINTS INT ID SEMICOLON PUBLIC POINTS ID LPAREND INT ID RPAREND LKEYS . ID EQUALS ID SEMICOLON RKEYS RKEYS SEMICOLON

    ID              shift and go to state 178


state 176

    (29) statement -> FOR LPAREND INT ID EQUALS NUMBER SEMICOLON ID COLON NUMBER SEMICOLON ID AUM RPAREND LKEYS statement RKEYS .

    $end            reduce using rule 29 (statement -> FOR LPAREND INT ID EQUALS NUMBER SEMICOLON ID COLON NUMBER SEMICOLON ID AUM RPAREND LKEYS statement RKEYS .)
    RETURN          reduce using rule 29 (statement -> FOR LPAREND INT ID EQUALS NUMBER SEMICOLON ID COLON NUMBER SEMICOLON ID AUM RPAREND LKEYS statement RKEYS .)
    RKEYS           reduce using rule 29 (statement -> FOR LPAREND INT ID EQUALS NUMBER SEMICOLON ID COLON NUMBER SEMICOLON ID AUM RPAREND LKEYS statement RKEYS .)


state 177

    (35) statement -> CLASS ID LKEYS PRIVATE POINTS INT ID SEMICOLON INT ID SEMICOLON PUBLIC POINTS ID LPAREND INT ID . COMMA INT ID RPAREND LKEYS ID EQUALS ID SEMICOLON ID EQUALS ID SEMICOLON RKEYS RKEYS SEMICOLON

    COMMA           shift and go to state 179


state 178

    (34) statement -> CLASS ID LKEYS PRIVATE POINTS INT ID SEMICOLON PUBLIC POINTS ID LPAREND INT ID RPAREND LKEYS ID . EQUALS ID SEMICOLON RKEYS RKEYS SEMICOLON

    EQUALS          shift and go to state 180


state 179

    (35) statement -> CLASS ID LKEYS PRIVATE POINTS INT ID SEMICOLON INT ID SEMICOLON PUBLIC POINTS ID LPAREND INT ID COMMA . INT ID RPAREND LKEYS ID EQUALS ID SEMICOLON ID EQUALS ID SEMICOLON RKEYS RKEYS SEMICOLON

    INT             shift and go to state 181


state 180

    (34) statement -> CLASS ID LKEYS PRIVATE POINTS INT ID SEMICOLON PUBLIC POINTS ID LPAREND INT ID RPAREND LKEYS ID EQUALS . ID SEMICOLON RKEYS RKEYS SEMICOLON

    ID              shift and go to state 182


state 181

    (35) statement -> CLASS ID LKEYS PRIVATE POINTS INT ID SEMICOLON INT ID SEMICOLON PUBLIC POINTS ID LPAREND INT ID COMMA INT . ID RPAREND LKEYS ID EQUALS ID SEMICOLON ID EQUALS ID SEMICOLON RKEYS RKEYS SEMICOLON

    ID              shift and go to state 183


state 182

    (34) statement -> CLASS ID LKEYS PRIVATE POINTS INT ID SEMICOLON PUBLIC POINTS ID LPAREND INT ID RPAREND LKEYS ID EQUALS ID . SEMICOLON RKEYS RKEYS SEMICOLON

    SEMICOLON       shift and go to state 184


state 183

    (35) statement -> CLASS ID LKEYS PRIVATE POINTS INT ID SEMICOLON INT ID SEMICOLON PUBLIC POINTS ID LPAREND INT ID COMMA INT ID . RPAREND LKEYS ID EQUALS ID SEMICOLON ID EQUALS ID SEMICOLON RKEYS RKEYS SEMICOLON

    RPAREND         shift and go to state 185


state 184

    (34) statement -> CLASS ID LKEYS PRIVATE POINTS INT ID SEMICOLON PUBLIC POINTS ID LPAREND INT ID RPAREND LKEYS ID EQUALS ID SEMICOLON . RKEYS RKEYS SEMICOLON

    RKEYS           shift and go to state 186


state 185

    (35) statement -> CLASS ID LKEYS PRIVATE POINTS INT ID SEMICOLON INT ID SEMICOLON PUBLIC POINTS ID LPAREND INT ID COMMA INT ID RPAREND . LKEYS ID EQUALS ID SEMICOLON ID EQUALS ID SEMICOLON RKEYS RKEYS SEMICOLON

    LKEYS           shift and go to state 187


state 186

    (34) statement -> CLASS ID LKEYS PRIVATE POINTS INT ID SEMICOLON PUBLIC POINTS ID LPAREND INT ID RPAREND LKEYS ID EQUALS ID SEMICOLON RKEYS . RKEYS SEMICOLON

    RKEYS           shift and go to state 188


state 187

    (35) statement -> CLASS ID LKEYS PRIVATE POINTS INT ID SEMICOLON INT ID SEMICOLON PUBLIC POINTS ID LPAREND INT ID COMMA INT ID RPAREND LKEYS . ID EQUALS ID SEMICOLON ID EQUALS ID SEMICOLON RKEYS RKEYS SEMICOLON

    ID              shift and go to state 189


state 188

    (34) statement -> CLASS ID LKEYS PRIVATE POINTS INT ID SEMICOLON PUBLIC POINTS ID LPAREND INT ID RPAREND LKEYS ID EQUALS ID SEMICOLON RKEYS RKEYS . SEMICOLON

    SEMICOLON       shift and go to state 190


state 189

    (35) statement -> CLASS ID LKEYS PRIVATE POINTS INT ID SEMICOLON INT ID SEMICOLON PUBLIC POINTS ID LPAREND INT ID COMMA INT ID RPAREND LKEYS ID . EQUALS ID SEMICOLON ID EQUALS ID SEMICOLON RKEYS RKEYS SEMICOLON

    EQUALS          shift and go to state 191


state 190

    (34) statement -> CLASS ID LKEYS PRIVATE POINTS INT ID SEMICOLON PUBLIC POINTS ID LPAREND INT ID RPAREND LKEYS ID EQUALS ID SEMICOLON RKEYS RKEYS SEMICOLON .

    $end            reduce using rule 34 (statement -> CLASS ID LKEYS PRIVATE POINTS INT ID SEMICOLON PUBLIC POINTS ID LPAREND INT ID RPAREND LKEYS ID EQUALS ID SEMICOLON RKEYS RKEYS SEMICOLON .)
    RETURN          reduce using rule 34 (statement -> CLASS ID LKEYS PRIVATE POINTS INT ID SEMICOLON PUBLIC POINTS ID LPAREND INT ID RPAREND LKEYS ID EQUALS ID SEMICOLON RKEYS RKEYS SEMICOLON .)
    RKEYS           reduce using rule 34 (statement -> CLASS ID LKEYS PRIVATE POINTS INT ID SEMICOLON PUBLIC POINTS ID LPAREND INT ID RPAREND LKEYS ID EQUALS ID SEMICOLON RKEYS RKEYS SEMICOLON .)


state 191

    (35) statement -> CLASS ID LKEYS PRIVATE POINTS INT ID SEMICOLON INT ID SEMICOLON PUBLIC POINTS ID LPAREND INT ID COMMA INT ID RPAREND LKEYS ID EQUALS . ID SEMICOLON ID EQUALS ID SEMICOLON RKEYS RKEYS SEMICOLON

    ID              shift and go to state 192


state 192

    (35) statement -> CLASS ID LKEYS PRIVATE POINTS INT ID SEMICOLON INT ID SEMICOLON PUBLIC POINTS ID LPAREND INT ID COMMA INT ID RPAREND LKEYS ID EQUALS ID . SEMICOLON ID EQUALS ID SEMICOLON RKEYS RKEYS SEMICOLON

    SEMICOLON       shift and go to state 193


state 193

    (35) statement -> CLASS ID LKEYS PRIVATE POINTS INT ID SEMICOLON INT ID SEMICOLON PUBLIC POINTS ID LPAREND INT ID COMMA INT ID RPAREND LKEYS ID EQUALS ID SEMICOLON . ID EQUALS ID SEMICOLON RKEYS RKEYS SEMICOLON

    ID              shift and go to state 194


state 194

    (35) statement -> CLASS ID LKEYS PRIVATE POINTS INT ID SEMICOLON INT ID SEMICOLON PUBLIC POINTS ID LPAREND INT ID COMMA INT ID RPAREND LKEYS ID EQUALS ID SEMICOLON ID . EQUALS ID SEMICOLON RKEYS RKEYS SEMICOLON

    EQUALS          shift and go to state 195


state 195

    (35) statement -> CLASS ID LKEYS PRIVATE POINTS INT ID SEMICOLON INT ID SEMICOLON PUBLIC POINTS ID LPAREND INT ID COMMA INT ID RPAREND LKEYS ID EQUALS ID SEMICOLON ID EQUALS . ID SEMICOLON RKEYS RKEYS SEMICOLON

    ID              shift and go to state 196


state 196

    (35) statement -> CLASS ID LKEYS PRIVATE POINTS INT ID SEMICOLON INT ID SEMICOLON PUBLIC POINTS ID LPAREND INT ID COMMA INT ID RPAREND LKEYS ID EQUALS ID SEMICOLON ID EQUALS ID . SEMICOLON RKEYS RKEYS SEMICOLON

    SEMICOLON       shift and go to state 197


state 197

    (35) statement -> CLASS ID LKEYS PRIVATE POINTS INT ID SEMICOLON INT ID SEMICOLON PUBLIC POINTS ID LPAREND INT ID COMMA INT ID RPAREND LKEYS ID EQUALS ID SEMICOLON ID EQUALS ID SEMICOLON . RKEYS RKEYS SEMICOLON

    RKEYS           shift and go to state 198


state 198

    (35) statement -> CLASS ID LKEYS PRIVATE POINTS INT ID SEMICOLON INT ID SEMICOLON PUBLIC POINTS ID LPAREND INT ID COMMA INT ID RPAREND LKEYS ID EQUALS ID SEMICOLON ID EQUALS ID SEMICOLON RKEYS . RKEYS SEMICOLON

    RKEYS           shift and go to state 199


state 199

    (35) statement -> CLASS ID LKEYS PRIVATE POINTS INT ID SEMICOLON INT ID SEMICOLON PUBLIC POINTS ID LPAREND INT ID COMMA INT ID RPAREND LKEYS ID EQUALS ID SEMICOLON ID EQUALS ID SEMICOLON RKEYS RKEYS . SEMICOLON

    SEMICOLON       shift and go to state 200


state 200

    (35) statement -> CLASS ID LKEYS PRIVATE POINTS INT ID SEMICOLON INT ID SEMICOLON PUBLIC POINTS ID LPAREND INT ID COMMA INT ID RPAREND LKEYS ID EQUALS ID SEMICOLON ID EQUALS ID SEMICOLON RKEYS RKEYS SEMICOLON .

    $end            reduce using rule 35 (statement -> CLASS ID LKEYS PRIVATE POINTS INT ID SEMICOLON INT ID SEMICOLON PUBLIC POINTS ID LPAREND INT ID COMMA INT ID RPAREND LKEYS ID EQUALS ID SEMICOLON ID EQUALS ID SEMICOLON RKEYS RKEYS SEMICOLON .)
    RETURN          reduce using rule 35 (statement -> CLASS ID LKEYS PRIVATE POINTS INT ID SEMICOLON INT ID SEMICOLON PUBLIC POINTS ID LPAREND INT ID COMMA INT ID RPAREND LKEYS ID EQUALS ID SEMICOLON ID EQUALS ID SEMICOLON RKEYS RKEYS SEMICOLON .)
    RKEYS           reduce using rule 35 (statement -> CLASS ID LKEYS PRIVATE POINTS INT ID SEMICOLON INT ID SEMICOLON PUBLIC POINTS ID LPAREND INT ID COMMA INT ID RPAREND LKEYS ID EQUALS ID SEMICOLON ID EQUALS ID SEMICOLON RKEYS RKEYS SEMICOLON .)

WARNING: 
WARNING: Conflicts:
WARNING: 
WARNING: shift/reduce conflict for MINUS in state 79 resolved as shift
WARNING: shift/reduce conflict for PLUS in state 79 resolved as shift
WARNING: shift/reduce conflict for TIMES in state 79 resolved as shift
WARNING: shift/reduce conflict for DIVIDE in state 79 resolved as shift
WARNING: shift/reduce conflict for MINUS in state 80 resolved as shift
WARNING: shift/reduce conflict for PLUS in state 80 resolved as shift
WARNING: shift/reduce conflict for TIMES in state 80 resolved as shift
WARNING: shift/reduce conflict for DIVIDE in state 80 resolved as shift
WARNING: shift/reduce conflict for MINUS in state 81 resolved as shift
WARNING: shift/reduce conflict for PLUS in state 81 resolved as shift
WARNING: shift/reduce conflict for TIMES in state 81 resolved as shift
WARNING: shift/reduce conflict for DIVIDE in state 81 resolved as shift
WARNING: shift/reduce conflict for MINUS in state 82 resolved as shift
WARNING: shift/reduce conflict for PLUS in state 82 resolved as shift
WARNING: shift/reduce conflict for TIMES in state 82 resolved as shift
WARNING: shift/reduce conflict for DIVIDE in state 82 resolved as shift